app/build/intermediates/manifest_merge_blame_file/release/processReleaseMainManifest/manifest-merger-blame-release-report.txt
1<?xml version="1.0" encoding="utf-8"?>
2<manifest xmlns:android="http://schemas.android.com/apk/res/android"
3    package="com.lw.audiomaster"
4    android:versionCode="3"
5    android:versionName="1.0.3" >
6
7    <uses-sdk
8        android:minSdkVersion="24"
9        android:targetSdkVersion="36" />
10
11    <uses-permission android:name="android.permission.INTERNET" />
11-->src\main\AndroidManifest.xml:4:5-67
11-->src\main\AndroidManifest.xml:4:22-64
12    <uses-permission android:name="com.android.vending.BILLING" />
12-->src\main\AndroidManifest.xml:5:5-67
12-->src\main\AndroidManifest.xml:5:22-64
13    <uses-permission android:name="android.permission.RECORD_AUDIO" />
13-->src\main\AndroidManifest.xml:6:5-71
13-->src\main\AndroidManifest.xml:6:22-68
14    <uses-permission android:name="android.permission.POST_NOTIFICATIONS" />
14-->src\main\AndroidManifest.xml:7:5-77
14-->src\main\AndroidManifest.xml:7:22-74
15    <uses-permission android:name="com.google.android.gms.permission.AD_ID" />
15-->src\main\AndroidManifest.xml:8:5-79
15-->src\main\AndroidManifest.xml:8:22-76
16
17    <queries>
17-->[com.android.billingclient:billing:9.1.0] AndroidManifest.xml:12:5-19:15
18        <intent>
18-->[com.android.billingclient:billing:9.1.0] AndroidManifest.xml:13:9-15:18
19            <action android:name="com.android.vending.billing.InAppBillingService.BIND" />
19-->[com.android.billingclient:billing:9.1.0] AndroidManifest.xml:14:13-91
19-->[com.android.billingclient:billing:9.1.0] AndroidManifest.xml:14:21-88
20        </intent>
21        <intent>
21-->[com.android.billingclient:billing:9.1.0] AndroidManifest.xml:16:9-18:18
22            <action android:name="com.google.android.apps.play.billingtestcompanion.BillingOverrideService.BIND" />
22-->[com.android.billingclient:billing:9.1.0] AndroidManifest.xml:17:13-116
22-->[com.android.billingclient:billing:9.1.0] AndroidManifest.xml:17:21-113
23        </intent>
24        <!-- For browser content -->
25        <intent>
25-->[com.google.android.gms:play-services-ads-api:24.4.0] AndroidManifest.xml:38:9-44:18
26            <action android:name="android.intent.action.VIEW" />
26-->[com.google.android.gms:play-services-ads-api:24.4.0] AndroidManifest.xml:39:13-65
26-->[com.google.android.gms:play-services-ads-api:24.4.0] AndroidManifest.xml:39:21-62
27
28            <category android:name="android.intent.category.BROWSABLE" />
28-->[com.google.android.gms:play-services-ads-api:24.4.0] AndroidManifest.xml:41:13-74
28-->[com.google.android.gms:play-services-ads-api:24.4.0] AndroidManifest.xml:41:23-71
29
30            <data android:scheme="https" />
30-->[com.google.android.gms:play-services-ads-api:24.4.0] AndroidManifest.xml:43:13-44
30-->[com.google.android.gms:play-services-ads-api:24.4.0] AndroidManifest.xml:43:19-41
31        </intent> <!-- End of browser content -->
32        <!-- For CustomTabsService -->
33        <intent>
33-->[com.google.android.gms:play-services-ads-api:24.4.0] AndroidManifest.xml:47:9-49:18
34            <action android:name="android.support.customtabs.action.CustomTabsService" />
34-->[com.google.android.gms:play-services-ads-api:24.4.0] AndroidManifest.xml:48:13-90
34-->[com.google.android.gms:play-services-ads-api:24.4.0] AndroidManifest.xml:48:21-87
35        </intent> <!-- End of CustomTabsService -->
36        <!-- For MRAID capabilities -->
37        <intent>
37-->[com.google.android.gms:play-services-ads-api:24.4.0] AndroidManifest.xml:52:9-56:18
38            <action android:name="android.intent.action.INSERT" />
38-->[com.google.android.gms:play-services-ads-api:24.4.0] AndroidManifest.xml:53:13-67
38-->[com.google.android.gms:play-services-ads-api:24.4.0] AndroidManifest.xml:53:21-64
39
40            <data android:mimeType="vnd.android.cursor.dir/event" />
40-->[com.google.android.gms:play-services-ads-api:24.4.0] AndroidManifest.xml:43:13-44
41        </intent>
42        <intent>
42-->[com.google.android.gms:play-services-ads-api:24.4.0] AndroidManifest.xml:57:9-61:18
43            <action android:name="android.intent.action.VIEW" />
43-->[com.google.android.gms:play-services-ads-api:24.4.0] AndroidManifest.xml:39:13-65
43-->[com.google.android.gms:play-services-ads-api:24.4.0] AndroidManifest.xml:39:21-62
44
45            <data android:scheme="sms" />
45-->[com.google.android.gms:play-services-ads-api:24.4.0] AndroidManifest.xml:43:13-44
45-->[com.google.android.gms:play-services-ads-api:24.4.0] AndroidManifest.xml:43:19-41
46        </intent>
47        <intent>
47-->[com.google.android.gms:play-services-ads-api:24.4.0] AndroidManifest.xml:62:9-66:18
48            <action android:name="android.intent.action.DIAL" />
48-->[com.google.android.gms:play-services-ads-api:24.4.0] AndroidManifest.xml:63:13-65
48-->[com.google.android.gms:play-services-ads-api:24.4.0] AndroidManifest.xml:63:21-62
49
50            <data android:path="tel:" />
50-->[com.google.android.gms:play-services-ads-api:24.4.0] AndroidManifest.xml:43:13-44
51        </intent>
52
53        <package android:name="com.facebook.katana" />
53-->[com.facebook.android:audience-network-sdk:6.20.0] AndroidManifest.xml:12:9-55
53-->[com.facebook.android:audience-network-sdk:6.20.0] AndroidManifest.xml:12:18-52
54    </queries>
55
56    <uses-permission android:name="android.permission.ACCESS_NETWORK_STATE" />
56-->[com.google.android.gms:play-services-ads-api:24.4.0] AndroidManifest.xml:25:5-79
56-->[com.google.android.gms:play-services-ads-api:24.4.0] AndroidManifest.xml:25:22-76
57    <uses-permission android:name="android.permission.ACCESS_ADSERVICES_AD_ID" />
57-->[com.google.android.gms:play-services-ads-api:24.4.0] AndroidManifest.xml:27:5-82
57-->[com.google.android.gms:play-services-ads-api:24.4.0] AndroidManifest.xml:27:22-79
58    <uses-permission android:name="android.permission.ACCESS_ADSERVICES_ATTRIBUTION" />
58-->[com.google.android.gms:play-services-ads-api:24.4.0] AndroidManifest.xml:28:5-88
58-->[com.google.android.gms:play-services-ads-api:24.4.0] AndroidManifest.xml:28:22-85
59    <uses-permission android:name="android.permission.ACCESS_ADSERVICES_TOPICS" />
59-->[com.google.android.gms:play-services-ads-api:24.4.0] AndroidManifest.xml:29:5-83
59-->[com.google.android.gms:play-services-ads-api:24.4.0] AndroidManifest.xml:29:22-80
60    <uses-permission android:name="android.permission.WAKE_LOCK" />
60-->[com.google.android.gms:play-services-measurement:22.1.2] AndroidManifest.xml:25:5-68
60-->[com.google.android.gms:play-services-measurement:22.1.2] AndroidManifest.xml:25:22-65
61    <uses-permission android:name="com.google.android.finsky.permission.BIND_GET_INSTALL_REFERRER_SERVICE" />
61-->[com.google.android.gms:play-services-measurement:22.1.2] AndroidManifest.xml:26:5-110
61-->[com.google.android.gms:play-services-measurement:22.1.2] AndroidManifest.xml:26:22-107
62    <uses-permission android:name="android.permission.FOREGROUND_SERVICE" />
62-->[androidx.work:work-runtime:2.7.0] AndroidManifest.xml:28:5-77
62-->[androidx.work:work-runtime:2.7.0] AndroidManifest.xml:28:22-74
63
64    <permission
64-->[androidx.core:core:1.15.0] AndroidManifest.xml:22:5-24:47
65        android:name="com.lw.audiomaster.DYNAMIC_RECEIVER_NOT_EXPORTED_PERMISSION"
65-->[androidx.core:core:1.15.0] AndroidManifest.xml:23:9-81
66        android:protectionLevel="signature" />
66-->[androidx.core:core:1.15.0] AndroidManifest.xml:24:9-44
67
68    <uses-permission android:name="com.lw.audiomaster.DYNAMIC_RECEIVER_NOT_EXPORTED_PERMISSION" />
68-->[androidx.core:core:1.15.0] AndroidManifest.xml:26:5-97
68-->[androidx.core:core:1.15.0] AndroidManifest.xml:26:22-94
69
70    <application
70-->src\main\AndroidManifest.xml:10:5-38:19
71        android:name="com.lw.audiomaster.AudioMasterApp"
71-->src\main\AndroidManifest.xml:11:9-39
72        android:allowBackup="true"
72-->src\main\AndroidManifest.xml:12:9-35
73        android:appComponentFactory="androidx.core.app.CoreComponentFactory"
73-->[androidx.core:core:1.15.0] AndroidManifest.xml:28:18-86
74        android:extractNativeLibs="false"
75        android:icon="@mipmap/ic_launcher"
75-->src\main\AndroidManifest.xml:13:9-43
76        android:label="@string/app_name"
76-->src\main\AndroidManifest.xml:14:9-41
77        android:roundIcon="@mipmap/ic_launcher_round"
77-->src\main\AndroidManifest.xml:15:9-54
78        android:supportsRtl="true"
78-->src\main\AndroidManifest.xml:16:9-35
79        android:theme="@style/Theme.AudioMaster" >
79-->src\main\AndroidManifest.xml:17:9-49
80        <meta-data
80-->src\main\AndroidManifest.xml:19:9-21:52
81            android:name="com.google.android.gms.ads.APPLICATION_ID"
81-->src\main\AndroidManifest.xml:20:13-69
82            android:value="@string/admob_app_id" />
82-->src\main\AndroidManifest.xml:21:13-49
83
84        <!-- Optimize ad init on Android by delaying app measurement until first ad request -->
85        <meta-data
85-->src\main\AndroidManifest.xml:24:9-26:36
86            android:name="com.google.android.gms.ads.DELAY_APP_MEASUREMENT_INIT"
86-->src\main\AndroidManifest.xml:25:13-81
87            android:value="true" />
87-->src\main\AndroidManifest.xml:26:13-33
88
89        <activity
89-->src\main\AndroidManifest.xml:28:9-37:20
90            android:name="com.lw.audiomaster.MainActivity"
90-->src\main\AndroidManifest.xml:29:13-41
91            android:exported="true"
91-->src\main\AndroidManifest.xml:30:13-36
92            android:theme="@style/Theme.AudioMaster.Splash"
92-->src\main\AndroidManifest.xml:31:13-60
93            android:windowSoftInputMode="adjustResize" >
93-->src\main\AndroidManifest.xml:32:13-55
94            <intent-filter>
94-->src\main\AndroidManifest.xml:33:13-36:29
95                <action android:name="android.intent.action.MAIN" />
95-->src\main\AndroidManifest.xml:34:17-69
95-->src\main\AndroidManifest.xml:34:25-66
96
97                <category android:name="android.intent.category.LAUNCHER" />
97-->src\main\AndroidManifest.xml:35:17-77
97-->src\main\AndroidManifest.xml:35:27-74
98            </intent-filter>
99        </activity>
100
101        <meta-data
101-->[com.android.billingclient:billing:9.1.0] AndroidManifest.xml:22:9-24:37
102            android:name="com.google.android.play.billingclient.version"
102-->[com.android.billingclient:billing:9.1.0] AndroidManifest.xml:23:13-73
103            android:value="9.1.0" />
103-->[com.android.billingclient:billing:9.1.0] AndroidManifest.xml:24:13-34
104
105        <activity
105-->[com.android.billingclient:billing:9.1.0] AndroidManifest.xml:26:9-30:75
106            android:name="com.android.billingclient.api.ProxyBillingActivity"
106-->[com.android.billingclient:billing:9.1.0] AndroidManifest.xml:27:13-78
107            android:configChanges="keyboard|keyboardHidden|screenLayout|screenSize|orientation"
107-->[com.android.billingclient:billing:9.1.0] AndroidManifest.xml:28:13-96
108            android:exported="false"
108-->[com.android.billingclient:billing:9.1.0] AndroidManifest.xml:29:13-37
109            android:theme="@android:style/Theme.Translucent.NoTitleBar" />
109-->[com.android.billingclient:billing:9.1.0] AndroidManifest.xml:30:13-72
110        <activity
110-->[com.android.billingclient:billing:9.1.0] AndroidManifest.xml:31:9-35:75
111            android:name="com.android.billingclient.api.ProxyBillingActivityV2"
111-->[com.android.billingclient:billing:9.1.0] AndroidManifest.xml:32:13-80
112            android:configChanges="keyboard|keyboardHidden|screenLayout|screenSize|orientation"
112-->[com.android.billingclient:billing:9.1.0] AndroidManifest.xml:33:13-96
113            android:exported="false"
113-->[com.android.billingclient:billing:9.1.0] AndroidManifest.xml:34:13-37
114            android:theme="@android:style/Theme.Translucent.NoTitleBar" /> <!-- Include the AdActivity and InAppPurchaseActivity configChanges and themes. -->
114-->[com.android.billingclient:billing:9.1.0] AndroidManifest.xml:35:13-72
115        <activity
115-->[com.google.android.gms:play-services-ads-api:24.4.0] AndroidManifest.xml:73:9-78:43
116            android:name="com.google.android.gms.ads.AdActivity"
116-->[com.google.android.gms:play-services-ads-api:24.4.0] AndroidManifest.xml:74:13-65
117            android:configChanges="keyboard|keyboardHidden|orientation|screenLayout|uiMode|screenSize|smallestScreenSize"
117-->[com.google.android.gms:play-services-ads-api:24.4.0] AndroidManifest.xml:75:13-122
118            android:exported="false"
118-->[com.google.android.gms:play-services-ads-api:24.4.0] AndroidManifest.xml:76:13-37
119            android:theme="@android:style/Theme.Translucent" />
119-->[com.google.android.gms:play-services-ads-api:24.4.0] AndroidManifest.xml:77:13-61
120
121        <provider
121-->[com.google.android.gms:play-services-ads-api:24.4.0] AndroidManifest.xml:80:9-85:43
122            android:name="com.google.android.gms.ads.MobileAdsInitProvider"
122-->[com.google.android.gms:play-services-ads-api:24.4.0] AndroidManifest.xml:81:13-76
123            android:authorities="com.lw.audiomaster.mobileadsinitprovider"
123-->[com.google.android.gms:play-services-ads-api:24.4.0] AndroidManifest.xml:82:13-73
124            android:exported="false"
124-->[com.google.android.gms:play-services-ads-api:24.4.0] AndroidManifest.xml:83:13-37
125            android:initOrder="100" />
125-->[com.google.android.gms:play-services-ads-api:24.4.0] AndroidManifest.xml:84:13-36
126
127        <service
127-->[com.google.android.gms:play-services-ads-api:24.4.0] AndroidManifest.xml:87:9-91:43
128            android:name="com.google.android.gms.ads.AdService"
128-->[com.google.android.gms:play-services-ads-api:24.4.0] AndroidManifest.xml:88:13-64
129            android:enabled="true"
129-->[com.google.android.gms:play-services-ads-api:24.4.0] AndroidManifest.xml:89:13-35
130            android:exported="false" />
130-->[com.google.android.gms:play-services-ads-api:24.4.0] AndroidManifest.xml:90:13-37
131
132        <activity
132-->[com.google.android.gms:play-services-ads-api:24.4.0] AndroidManifest.xml:93:9-97:43
133            android:name="com.google.android.gms.ads.OutOfContextTestingActivity"
133-->[com.google.android.gms:play-services-ads-api:24.4.0] AndroidManifest.xml:94:13-82
134            android:configChanges="keyboard|keyboardHidden|orientation|screenLayout|uiMode|screenSize|smallestScreenSize"
134-->[com.google.android.gms:play-services-ads-api:24.4.0] AndroidManifest.xml:95:13-122
135            android:exported="false" />
135-->[com.google.android.gms:play-services-ads-api:24.4.0] AndroidManifest.xml:96:13-37
136        <activity
136-->[com.google.android.gms:play-services-ads-api:24.4.0] AndroidManifest.xml:98:9-105:43
137            android:name="com.google.android.gms.ads.NotificationHandlerActivity"
137-->[com.google.android.gms:play-services-ads-api:24.4.0] AndroidManifest.xml:99:13-82
138            android:excludeFromRecents="true"
138-->[com.google.android.gms:play-services-ads-api:24.4.0] AndroidManifest.xml:100:13-46
139            android:exported="false"
139-->[com.google.android.gms:play-services-ads-api:24.4.0] AndroidManifest.xml:101:13-37
140            android:launchMode="singleTask"
140-->[com.google.android.gms:play-services-ads-api:24.4.0] AndroidManifest.xml:102:13-44
141            android:taskAffinity=""
141-->[com.google.android.gms:play-services-ads-api:24.4.0] AndroidManifest.xml:103:13-36
142            android:theme="@android:style/Theme.Translucent.NoTitleBar" />
142-->[com.google.android.gms:play-services-ads-api:24.4.0] AndroidManifest.xml:104:13-72
143
144        <meta-data
144-->[com.google.android.gms:play-services-ads-api:24.4.0] AndroidManifest.xml:107:9-109:36
145            android:name="com.google.android.gms.ads.flag.OPTIMIZE_AD_LOADING"
145-->[com.google.android.gms:play-services-ads-api:24.4.0] AndroidManifest.xml:108:13-79
146            android:value="true" />
146-->[com.google.android.gms:play-services-ads-api:24.4.0] AndroidManifest.xml:109:13-33
147        <meta-data
147-->[com.google.android.gms:play-services-ads-api:24.4.0] AndroidManifest.xml:110:9-112:36
148            android:name="com.google.android.gms.ads.flag.OPTIMIZE_INITIALIZATION"
148-->[com.google.android.gms:play-services-ads-api:24.4.0] AndroidManifest.xml:111:13-83
149            android:value="true" />
149-->[com.google.android.gms:play-services-ads-api:24.4.0] AndroidManifest.xml:112:13-33
150
151        <receiver
151-->[com.google.android.gms:play-services-measurement:22.1.2] AndroidManifest.xml:29:9-33:20
152            android:name="com.google.android.gms.measurement.AppMeasurementReceiver"
152-->[com.google.android.gms:play-services-measurement:22.1.2] AndroidManifest.xml:30:13-85
153            android:enabled="true"
153-->[com.google.android.gms:play-services-measurement:22.1.2] AndroidManifest.xml:31:13-35
154            android:exported="false" >
154-->[com.google.android.gms:play-services-measurement:22.1.2] AndroidManifest.xml:32:13-37
155        </receiver>
156
157        <service
157-->[com.google.android.gms:play-services-measurement:22.1.2] AndroidManifest.xml:35:9-38:40
158            android:name="com.google.android.gms.measurement.AppMeasurementService"
158-->[com.google.android.gms:play-services-measurement:22.1.2] AndroidManifest.xml:36:13-84
159            android:enabled="true"
159-->[com.google.android.gms:play-services-measurement:22.1.2] AndroidManifest.xml:37:13-35
160            android:exported="false" />
160-->[com.google.android.gms:play-services-measurement:22.1.2] AndroidManifest.xml:38:13-37
161        <service
161-->[com.google.android.gms:play-services-measurement:22.1.2] AndroidManifest.xml:39:9-43:72
162            android:name="com.google.android.gms.measurement.AppMeasurementJobService"
162-->[com.google.android.gms:play-services-measurement:22.1.2] AndroidManifest.xml:40:13-87
163            android:enabled="true"
163-->[com.google.android.gms:play-services-measurement:22.1.2] AndroidManifest.xml:41:13-35
164            android:exported="false"
164-->[com.google.android.gms:play-services-measurement:22.1.2] AndroidManifest.xml:42:13-37
165            android:permission="android.permission.BIND_JOB_SERVICE" />
165-->[com.google.android.gms:play-services-measurement:22.1.2] AndroidManifest.xml:43:13-69
166
167        <property
167-->[com.google.android.gms:play-services-measurement-api:22.1.2] AndroidManifest.xml:30:9-32:61
168            android:name="android.adservices.AD_SERVICES_CONFIG"
168-->[com.google.android.gms:play-services-measurement-api:22.1.2] AndroidManifest.xml:31:13-65
169            android:resource="@xml/ga_ad_services_config" />
169-->[com.google.android.gms:play-services-measurement-api:22.1.2] AndroidManifest.xml:32:13-58
170
171        <service
171-->[com.google.android.gms:play-services-measurement-api:22.1.2] AndroidManifest.xml:34:9-40:19
172            android:name="com.google.firebase.components.ComponentDiscoveryService"
172-->[com.google.android.gms:play-services-measurement-api:22.1.2] AndroidManifest.xml:35:13-84
173            android:directBootAware="true"
173-->[com.google.firebase:firebase-common:21.0.0] AndroidManifest.xml:32:13-43
174            android:exported="false" >
174-->[com.google.android.gms:play-services-measurement-api:22.1.2] AndroidManifest.xml:36:13-37
175            <meta-data
175-->[com.google.android.gms:play-services-measurement-api:22.1.2] AndroidManifest.xml:37:13-39:85
176                android:name="com.google.firebase.components:com.google.firebase.analytics.connector.internal.AnalyticsConnectorRegistrar"
176-->[com.google.android.gms:play-services-measurement-api:22.1.2] AndroidManifest.xml:38:17-139
177                android:value="com.google.firebase.components.ComponentRegistrar" />
177-->[com.google.android.gms:play-services-measurement-api:22.1.2] AndroidManifest.xml:39:17-82
178            <meta-data
178-->[com.google.firebase:firebase-config:22.0.1] AndroidManifest.xml:29:13-31:85
179                android:name="com.google.firebase.components:com.google.firebase.remoteconfig.FirebaseRemoteConfigKtxRegistrar"
179-->[com.google.firebase:firebase-config:22.0.1] AndroidManifest.xml:30:17-128
180                android:value="com.google.firebase.components.ComponentRegistrar" />
180-->[com.google.firebase:firebase-config:22.0.1] AndroidManifest.xml:31:17-82
181            <meta-data
181-->[com.google.firebase:firebase-config:22.0.1] AndroidManifest.xml:32:13-34:85
182                android:name="com.google.firebase.components:com.google.firebase.remoteconfig.RemoteConfigRegistrar"
182-->[com.google.firebase:firebase-config:22.0.1] AndroidManifest.xml:33:17-117
183                android:value="com.google.firebase.components.ComponentRegistrar" />
183-->[com.google.firebase:firebase-config:22.0.1] AndroidManifest.xml:34:17-82
184            <meta-data
184-->[com.google.firebase:firebase-crashlytics:19.3.0] AndroidManifest.xml:15:13-17:85
185                android:name="com.google.firebase.components:com.google.firebase.crashlytics.FirebaseCrashlyticsKtxRegistrar"
185-->[com.google.firebase:firebase-crashlytics:19.3.0] AndroidManifest.xml:16:17-126
186                android:value="com.google.firebase.components.ComponentRegistrar" />
186-->[com.google.firebase:firebase-crashlytics:19.3.0] AndroidManifest.xml:17:17-82
187            <meta-data
187-->[com.google.firebase:firebase-crashlytics:19.3.0] AndroidManifest.xml:18:13-20:85
188                android:name="com.google.firebase.components:com.google.firebase.crashlytics.CrashlyticsRegistrar"
188-->[com.google.firebase:firebase-crashlytics:19.3.0] AndroidManifest.xml:19:17-115
189                android:value="com.google.firebase.components.ComponentRegistrar" />
189-->[com.google.firebase:firebase-crashlytics:19.3.0] AndroidManifest.xml:20:17-82
190            <meta-data
190-->[com.google.firebase:firebase-sessions:2.0.7] AndroidManifest.xml:29:13-31:85
191                android:name="com.google.firebase.components:com.google.firebase.sessions.FirebaseSessionsRegistrar"
191-->[com.google.firebase:firebase-sessions:2.0.7] AndroidManifest.xml:30:17-117
192                android:value="com.google.firebase.components.ComponentRegistrar" />
192-->[com.google.firebase:firebase-sessions:2.0.7] AndroidManifest.xml:31:17-82
193            <meta-data
193-->[com.google.firebase:firebase-installations:18.0.0] AndroidManifest.xml:15:13-17:85
194                android:name="com.google.firebase.components:com.google.firebase.installations.FirebaseInstallationsKtxRegistrar"
194-->[com.google.firebase:firebase-installations:18.0.0] AndroidManifest.xml:16:17-130
195                android:value="com.google.firebase.components.ComponentRegistrar" />
195-->[com.google.firebase:firebase-installations:18.0.0] AndroidManifest.xml:17:17-82
196            <meta-data
196-->[com.google.firebase:firebase-installations:18.0.0] AndroidManifest.xml:18:13-20:85
197                android:name="com.google.firebase.components:com.google.firebase.installations.FirebaseInstallationsRegistrar"
197-->[com.google.firebase:firebase-installations:18.0.0] AndroidManifest.xml:19:17-127
198                android:value="com.google.firebase.components.ComponentRegistrar" />
198-->[com.google.firebase:firebase-installations:18.0.0] AndroidManifest.xml:20:17-82
199            <meta-data
199-->[com.google.firebase:firebase-common-ktx:21.0.0] AndroidManifest.xml:12:13-14:85
200                android:name="com.google.firebase.components:com.google.firebase.ktx.FirebaseCommonLegacyRegistrar"
200-->[com.google.firebase:firebase-common-ktx:21.0.0] AndroidManifest.xml:13:17-116
201                android:value="com.google.firebase.components.ComponentRegistrar" />
201-->[com.google.firebase:firebase-common-ktx:21.0.0] AndroidManifest.xml:14:17-82
202            <meta-data
202-->[com.google.firebase:firebase-common:21.0.0] AndroidManifest.xml:35:13-37:85
203                android:name="com.google.firebase.components:com.google.firebase.FirebaseCommonKtxRegistrar"
203-->[com.google.firebase:firebase-common:21.0.0] AndroidManifest.xml:36:17-109
204                android:value="com.google.firebase.components.ComponentRegistrar" />
204-->[com.google.firebase:firebase-common:21.0.0] AndroidManifest.xml:37:17-82
205            <meta-data
205-->[com.google.firebase:firebase-abt:21.1.1] AndroidManifest.xml:12:13-14:85
206                android:name="com.google.firebase.components:com.google.firebase.abt.component.AbtRegistrar"
206-->[com.google.firebase:firebase-abt:21.1.1] AndroidManifest.xml:13:17-109
207                android:value="com.google.firebase.components.ComponentRegistrar" />
207-->[com.google.firebase:firebase-abt:21.1.1] AndroidManifest.xml:14:17-82
208            <meta-data
208-->[com.google.firebase:firebase-datatransport:19.0.0] AndroidManifest.xml:25:13-27:85
209                android:name="com.google.firebase.components:com.google.firebase.datatransport.TransportRegistrar"
209-->[com.google.firebase:firebase-datatransport:19.0.0] AndroidManifest.xml:26:17-115
210                android:value="com.google.firebase.components.ComponentRegistrar" />
210-->[com.google.firebase:firebase-datatransport:19.0.0] AndroidManifest.xml:27:17-82
211        </service>
212
213        <activity
213-->[com.google.android.gms:play-services-base:18.5.0] AndroidManifest.xml:5:9-173
214            android:name="com.google.android.gms.common.api.GoogleApiActivity"
214-->[com.google.android.gms:play-services-base:18.5.0] AndroidManifest.xml:5:19-85
215            android:exported="false"
215-->[com.google.android.gms:play-services-base:18.5.0] AndroidManifest.xml:5:146-170
216            android:theme="@android:style/Theme.Translucent.NoTitleBar" />
216-->[com.google.android.gms:play-services-base:18.5.0] AndroidManifest.xml:5:86-145
217
218        <service
218-->[com.google.firebase:firebase-sessions:2.0.7] AndroidManifest.xml:22:9-25:40
219            android:name="com.google.firebase.sessions.SessionLifecycleService"
219-->[com.google.firebase:firebase-sessions:2.0.7] AndroidManifest.xml:23:13-80
220            android:enabled="true"
220-->[com.google.firebase:firebase-sessions:2.0.7] AndroidManifest.xml:24:13-35
221            android:exported="false" />
221-->[com.google.firebase:firebase-sessions:2.0.7] AndroidManifest.xml:25:13-37
222
223        <provider
223-->[com.google.firebase:firebase-common:21.0.0] AndroidManifest.xml:23:9-28:39
224            android:name="com.google.firebase.provider.FirebaseInitProvider"
224-->[com.google.firebase:firebase-common:21.0.0] AndroidManifest.xml:24:13-77
225            android:authorities="com.lw.audiomaster.firebaseinitprovider"
225-->[com.google.firebase:firebase-common:21.0.0] AndroidManifest.xml:25:13-72
226            android:directBootAware="true"
226-->[com.google.firebase:firebase-common:21.0.0] AndroidManifest.xml:26:13-43
227            android:exported="false"
227-->[com.google.firebase:firebase-common:21.0.0] AndroidManifest.xml:27:13-37
228            android:initOrder="100" />
228-->[com.google.firebase:firebase-common:21.0.0] AndroidManifest.xml:28:13-36
229        <provider
229-->[androidx.work:work-runtime:2.7.0] AndroidManifest.xml:31:9-39:20
230            android:name="androidx.startup.InitializationProvider"
230-->[androidx.work:work-runtime:2.7.0] AndroidManifest.xml:32:13-67
231            android:authorities="com.lw.audiomaster.androidx-startup"
231-->[androidx.work:work-runtime:2.7.0] AndroidManifest.xml:33:13-68
232            android:exported="false" >
232-->[androidx.work:work-runtime:2.7.0] AndroidManifest.xml:34:13-37
233            <meta-data
233-->[androidx.work:work-runtime:2.7.0] AndroidManifest.xml:36:13-38:52
234                android:name="androidx.work.WorkManagerInitializer"
234-->[androidx.work:work-runtime:2.7.0] AndroidManifest.xml:37:17-68
235                android:value="androidx.startup" />
235-->[androidx.work:work-runtime:2.7.0] AndroidManifest.xml:38:17-49
236            <meta-data
236-->[androidx.emoji2:emoji2:1.4.0] AndroidManifest.xml:29:13-31:52
237                android:name="androidx.emoji2.text.EmojiCompatInitializer"
237-->[androidx.emoji2:emoji2:1.4.0] AndroidManifest.xml:30:17-75
238                android:value="androidx.startup" />
238-->[androidx.emoji2:emoji2:1.4.0] AndroidManifest.xml:31:17-49
239            <meta-data
239-->[androidx.lifecycle:lifecycle-process:2.9.0] AndroidManifest.xml:29:13-31:52
240                android:name="androidx.lifecycle.ProcessLifecycleInitializer"
240-->[androidx.lifecycle:lifecycle-process:2.9.0] AndroidManifest.xml:30:17-78
241                android:value="androidx.startup" />
241-->[androidx.lifecycle:lifecycle-process:2.9.0] AndroidManifest.xml:31:17-49
242            <meta-data
242-->[androidx.profileinstaller:profileinstaller:1.4.0] AndroidManifest.xml:29:13-31:52
243                android:name="androidx.profileinstaller.ProfileInstallerInitializer"
243-->[androidx.profileinstaller:profileinstaller:1.4.0] AndroidManifest.xml:30:17-85
244                android:value="androidx.startup" />
244-->[androidx.profileinstaller:profileinstaller:1.4.0] AndroidManifest.xml:31:17-49
245        </provider>
246
247        <service
247-->[androidx.work:work-runtime:2.7.0] AndroidManifest.xml:41:9-46:35
248            android:name="androidx.work.impl.background.systemalarm.SystemAlarmService"
248-->[androidx.work:work-runtime:2.7.0] AndroidManifest.xml:42:13-88
249            android:directBootAware="false"
249-->[androidx.work:work-runtime:2.7.0] AndroidManifest.xml:43:13-44
250            android:enabled="@bool/enable_system_alarm_service_default"
250-->[androidx.work:work-runtime:2.7.0] AndroidManifest.xml:44:13-72
251            android:exported="false" />
251-->[androidx.work:work-runtime:2.7.0] AndroidManifest.xml:45:13-37
252        <service
252-->[androidx.work:work-runtime:2.7.0] AndroidManifest.xml:47:9-53:35